<?xml version="1.0" encoding="UTF-8"?>
<!-- Generated by org.testng.reporters.JUnitXMLReporter -->
<testsuite ignored="0" hostname="VaishnavPC" failures="0" tests="3" name="Data Provider" time="0.031" errors="0" timestamp="2021-03-31T07:23:35 IST">
  <testcase classname="test.DataProvider_demo" name="Demo" time="0.003"/>
  <testcase classname="test.DataProvider_demo" name="Demo" time="0.003"/>
  <testcase classname="test.DataProvider_demo" name="Demo" time="0.003"/>
</testsuite> <!-- Data Provider -->
