<?xml version="1.0" encoding="UTF-8"?>
<!-- Generated by org.testng.reporters.JUnitXMLReporter -->
<testsuite ignored="2" hostname="VaishnavPC" failures="0" tests="1" name="Home Loans" time="0.013" errors="0" timestamp="2021-03-31T07:23:35 IST">
  <testcase classname="test.Day2HomeLoan" name="webHomeLoan" time="0.001"/>
  <testcase classname="test.Day2HomeLoan" name="apiHomeLoan" time="0.0">
    <ignored/>
  </testcase> <!-- apiHomeLoan -->
  <testcase classname="test.Day2HomeLoan" name="mobileHomeLoan" time="0.0">
    <ignored/>
  </testcase> <!-- mobileHomeLoan -->
</testsuite> <!-- Home Loans -->
