<?xml version="1.0" encoding="UTF-8"?>
<!-- Generated by org.testng.reporters.JUnitXMLReporter -->
<testsuite ignored="1" hostname="VaishnavPC" failures="0" tests="5" name="Personal Loan" time="0.101" errors="0" timestamp="2021-03-30T10:40:20 IST">
  <testcase classname="test.Day1CarLoan" name="webCarLoan" time="0.007"/>
  <testcase classname="test.Day2HomeLoan" name="apiHomeLoan" time="0.002"/>
  <testcase classname="test.Day1CarLoan" name="mobileCarLoan" time="0.002"/>
  <testcase classname="test.Day2HomeLoan" name="webHomeLoan" time="0.002"/>
  <testcase classname="test.Day1CarLoan" name="apiCarLoan" time="0.002"/>
  <testcase classname="test.Day2HomeLoan" name="mobileHomeLoan" time="0.0">
    <ignored/>
  </testcase> <!-- mobileHomeLoan -->
</testsuite> <!-- Personal Loan -->
