<?xml version="1.0" encoding="UTF-8"?>
<!-- Generated by org.testng.reporters.JUnitXMLReporter -->
<testsuite hostname="VaishnavPC" ignored="0" name="Default test" tests="3" failures="0" timestamp="2021-04-12T14:07:12 IST" time="0.159" errors="0">
  <testcase name="Demo" time="0.009" classname="test.DataProvider_demo"/>
  <testcase name="Demo" time="0.002" classname="test.DataProvider_demo"/>
  <testcase name="Demo" time="0.002" classname="test.DataProvider_demo"/>
</testsuite> <!-- Default test -->
