<?xml version="1.0" encoding="UTF-8"?>
<!-- Generated by org.testng.reporters.JUnitXMLReporter -->
<testsuite ignored="0" hostname="VaishnavPC" failures="0" tests="6" name="Personal Loan" time="0.073" errors="0" timestamp="2021-03-28T22:35:26 IST">
  <testcase classname="test.Day1CarLoan" name="apiCarLoan" time="0.006"/>
  <testcase classname="test.Day1CarLoan" name="mobileCarLoan" time="0.002"/>
  <testcase classname="test.Day1CarLoan" name="webCarLoan" time="0.003"/>
  <testcase classname="test.Day2HomeLoan" name="apiHomeLoan" time="0.001"/>
  <testcase classname="test.Day2HomeLoan" name="mobileHomeLoan" time="0.002"/>
  <testcase classname="test.Day2HomeLoan" name="webHomeLoan" time="0.001"/>
</testsuite> <!-- Personal Loan -->
