<?xml version="1.0" encoding="UTF-8"?>
<!-- Generated by org.testng.reporters.JUnitXMLReporter -->
<testsuite ignored="3" hostname="VaishnavPC" failures="0" tests="3" name="Regression" time="0.149" errors="0" timestamp="2021-03-28T22:43:55 IST">
  <testcase classname="test.Day2HomeLoan" name="apiHomeLoan" time="0.013"/>
  <testcase classname="test.Day2HomeLoan" name="webHomeLoan" time="0.003"/>
  <testcase classname="test.Day1CarLoan" name="mobileCarLoan" time="0.001"/>
  <testcase classname="test.Day1CarLoan" name="webCarLoan" time="0.0">
    <ignored/>
  </testcase> <!-- webCarLoan -->
  <testcase classname="test.Day1CarLoan" name="apiCarLoan" time="0.0">
    <ignored/>
  </testcase> <!-- apiCarLoan -->
  <testcase classname="test.Day2HomeLoan" name="mobileHomeLoan" time="0.0">
    <ignored/>
  </testcase> <!-- mobileHomeLoan -->
</testsuite> <!-- Regression -->
