<?xml version="1.0" encoding="UTF-8"?>
<!-- Generated by org.testng.reporters.JUnitXMLReporter -->
<testsuite ignored="0" hostname="VaishnavPC" failures="0" tests="3" name="Home Loans" time="0.023" errors="0" timestamp="2021-03-28T20:16:19 IST">
  <testcase classname="test.Day2HomeLoan" name="apiHomeLoan" time="0.001"/>
  <testcase classname="test.Day2HomeLoan" name="mobileHomeLoan" time="0.0"/>
  <testcase classname="test.Day2HomeLoan" name="webHomeLoan" time="0.002"/>
</testsuite> <!-- Home Loans -->
