<?xml version="1.0" encoding="UTF-8"?>
<!-- Generated by org.testng.reporters.JUnitXMLReporter -->
<testsuite ignored="1" hostname="VaishnavPC" failures="0" tests="2" name="Loan" time="0.024" errors="0" timestamp="2021-03-28T20:07:34 IST">
  <testcase classname="test.Day2HomeLoan" name="mobileHomeLoan" time="0.003"/>
  <testcase classname="test.Day2HomeLoan" name="webHomeLoan" time="0.003"/>
  <testcase classname="test.Day2HomeLoan" name="apiHomeLoan" time="0.0">
    <ignored/>
  </testcase> <!-- apiHomeLoan -->
</testsuite> <!-- Loan -->
